05-14 14:51 Started module.
05-14 14:51 basic_CNN
05-14 14:51 CNN_hyperparams_final
05-14 14:52 Saving best model in ./CNN_hyperparams_final/CNN_hyperparams_final_best.ckpt
05-14 14:52 Epoch: 1 - Training: 1.308 - Validation 0.910 - Best 0.910 - Error Rate 0.580 - Correctness 46.374
05-14 14:53 Epoch: 2 - Training: 0.509 - Validation 0.990 - Best 0.910 - Error Rate 0.660 - Correctness 42.725
05-14 14:54 Saving best model in ./CNN_hyperparams_final/CNN_hyperparams_final_best.ckpt
05-14 14:54 Epoch: 3 - Training: 0.512 - Validation 0.623 - Best 0.623 - Error Rate 0.260 - Correctness 63.847
05-14 14:55 Saving best model in ./CNN_hyperparams_final/CNN_hyperparams_final_best.ckpt
05-14 14:55 Epoch: 4 - Training: 0.510 - Validation 0.621 - Best 0.621 - Error Rate 0.260 - Correctness 63.715
05-14 14:57 Epoch: 5 - Training: 0.511 - Validation 0.960 - Best 0.621 - Error Rate 0.580 - Correctness 45.963
05-14 14:57 ('dropout_keep:', 0.5, 'l2 coef:', 0.001, 'lr:', 0.1, 'Best val loss', 0.62119257)
05-14 14:58 Saving best model in ./CNN_hyperparams_final/CNN_hyperparams_final_best.ckpt
05-14 14:58 Epoch: 1 - Training: 22.008 - Validation 2.775 - Best 2.775 - Error Rate 0.420 - Correctness 50.674
05-14 14:59 Saving best model in ./CNN_hyperparams_final/CNN_hyperparams_final_best.ckpt
05-14 14:59 Epoch: 2 - Training: 0.972 - Validation 0.688 - Best 0.688 - Error Rate 0.420 - Correctness 51.583
05-14 15:00 Epoch: 3 - Training: 0.566 - Validation 0.820 - Best 0.688 - Error Rate 0.580 - Correctness 47.392
05-14 15:01 Epoch: 4 - Training: 0.524 - Validation 0.884 - Best 0.688 - Error Rate 0.580 - Correctness 46.659
05-14 15:02 Epoch: 5 - Training: 0.523 - Validation 0.843 - Best 0.688 - Error Rate 0.500 - Correctness 50.000
05-14 15:02 ('dropout_keep:', 0.5, 'l2 coef:', 0.001, 'lr:', 0.001, 'Best val loss', 0.68806338)
05-14 15:04 Saving best model in ./CNN_hyperparams_final/CNN_hyperparams_final_best.ckpt
05-14 15:04 Epoch: 1 - Training: 1.375 - Validation 0.983 - Best 0.983 - Error Rate 0.580 - Correctness 45.792
05-14 15:05 Saving best model in ./CNN_hyperparams_final/CNN_hyperparams_final_best.ckpt
05-14 15:05 Epoch: 2 - Training: 0.512 - Validation 0.969 - Best 0.969 - Error Rate 0.500 - Correctness 50.000
05-14 15:06 Saving best model in ./CNN_hyperparams_final/CNN_hyperparams_final_best.ckpt
05-14 15:06 Epoch: 3 - Training: 0.508 - Validation 0.843 - Best 0.843 - Error Rate 0.500 - Correctness 50.000
05-14 15:07 Epoch: 4 - Training: 0.513 - Validation 1.027 - Best 0.843 - Error Rate 0.580 - Correctness 45.494
05-14 15:08 Epoch: 5 - Training: 0.516 - Validation 0.977 - Best 0.843 - Error Rate 0.580 - Correctness 45.833
05-14 15:08 ('dropout_keep:', 0.5, 'l2 coef:', 1e-06, 'lr:', 0.1, 'Best val loss', 0.84334213)
05-14 15:09 Saving best model in ./CNN_hyperparams_final/CNN_hyperparams_final_best.ckpt
05-14 15:09 Epoch: 1 - Training: 24.668 - Validation 3.119 - Best 3.119 - Error Rate 0.420 - Correctness 50.694
05-14 15:10 Saving best model in ./CNN_hyperparams_final/CNN_hyperparams_final_best.ckpt
05-14 15:10 Epoch: 2 - Training: 1.027 - Validation 0.621 - Best 0.621 - Error Rate 0.260 - Correctness 55.322
05-14 15:11 Epoch: 3 - Training: 0.559 - Validation 0.661 - Best 0.621 - Error Rate 0.340 - Correctness 55.512
05-14 15:13 Epoch: 4 - Training: 0.535 - Validation 0.877 - Best 0.621 - Error Rate 0.580 - Correctness 46.733
05-14 15:14 Epoch: 5 - Training: 0.522 - Validation 0.682 - Best 0.621 - Error Rate 0.340 - Correctness 57.440
05-14 15:14 ('dropout_keep:', 0.5, 'l2 coef:', 1e-06, 'lr:', 0.001, 'Best val loss', 0.62131017)
05-14 15:15 Saving best model in ./CNN_hyperparams_final/CNN_hyperparams_final_best.ckpt
05-14 15:15 Epoch: 1 - Training: 1.221 - Validation 0.899 - Best 0.899 - Error Rate 0.500 - Correctness 50.000
05-14 15:16 Saving best model in ./CNN_hyperparams_final/CNN_hyperparams_final_best.ckpt
05-14 15:16 Epoch: 2 - Training: 0.501 - Validation 0.719 - Best 0.719 - Error Rate 0.340 - Correctness 58.962
05-14 15:17 Epoch: 3 - Training: 0.508 - Validation 1.142 - Best 0.719 - Error Rate 0.740 - Correctness 37.823
05-14 15:18 Epoch: 4 - Training: 0.508 - Validation 1.084 - Best 0.719 - Error Rate 0.660 - Correctness 41.498
05-14 15:19 Epoch: 5 - Training: 0.503 - Validation 0.807 - Best 0.719 - Error Rate 0.500 - Correctness 50.000
05-14 15:19 ('dropout_keep:', 0.8, 'l2 coef:', 0.001, 'lr:', 0.1, 'Best val loss', 0.71890855)
05-14 15:20 Saving best model in ./CNN_hyperparams_final/CNN_hyperparams_final_best.ckpt
05-14 15:20 Epoch: 1 - Training: 14.298 - Validation 1.483 - Best 1.483 - Error Rate 0.500 - Correctness 50.000
05-14 15:21 Saving best model in ./CNN_hyperparams_final/CNN_hyperparams_final_best.ckpt
05-14 15:21 Epoch: 2 - Training: 0.729 - Validation 0.663 - Best 0.663 - Error Rate 0.340 - Correctness 54.108
05-14 15:22 Epoch: 3 - Training: 0.556 - Validation 0.909 - Best 0.663 - Error Rate 0.660 - Correctness 44.191
05-14 15:24 Epoch: 4 - Training: 0.530 - Validation 0.758 - Best 0.663 - Error Rate 0.420 - Correctness 53.574
05-14 15:25 Epoch: 5 - Training: 0.517 - Validation 0.937 - Best 0.663 - Error Rate 0.580 - Correctness 46.182
05-14 15:25 ('dropout_keep:', 0.8, 'l2 coef:', 0.001, 'lr:', 0.001, 'Best val loss', 0.6629439)
05-14 15:26 Saving best model in ./CNN_hyperparams_final/CNN_hyperparams_final_best.ckpt
05-14 15:26 Epoch: 1 - Training: 1.348 - Validation 0.910 - Best 0.910 - Error Rate 0.500 - Correctness 50.000
05-14 15:27 Epoch: 2 - Training: 0.517 - Validation 0.998 - Best 0.910 - Error Rate 0.580 - Correctness 45.688
05-14 15:28 Saving best model in ./CNN_hyperparams_final/CNN_hyperparams_final_best.ckpt
05-14 15:28 Epoch: 3 - Training: 0.513 - Validation 0.899 - Best 0.899 - Error Rate 0.500 - Correctness 50.000
05-14 15:29 Epoch: 4 - Training: 0.500 - Validation 0.985 - Best 0.899 - Error Rate 0.580 - Correctness 45.779
05-14 15:30 Epoch: 5 - Training: 0.507 - Validation 1.083 - Best 0.899 - Error Rate 0.660 - Correctness 41.500
05-14 15:30 ('dropout_keep:', 0.8, 'l2 coef:', 1e-06, 'lr:', 0.1, 'Best val loss', 0.89943391)
05-14 15:31 Saving best model in ./CNN_hyperparams_final/CNN_hyperparams_final_best.ckpt
05-14 15:31 Epoch: 1 - Training: 21.176 - Validation 2.430 - Best 2.430 - Error Rate 0.580 - Correctness 49.334
05-14 15:32 Saving best model in ./CNN_hyperparams_final/CNN_hyperparams_final_best.ckpt
05-14 15:32 Epoch: 2 - Training: 0.890 - Validation 0.753 - Best 0.753 - Error Rate 0.580 - Correctness 48.418
05-14 15:34 Epoch: 3 - Training: 0.569 - Validation 0.829 - Best 0.753 - Error Rate 0.580 - Correctness 47.320
05-14 15:35 Epoch: 4 - Training: 0.529 - Validation 0.909 - Best 0.753 - Error Rate 0.580 - Correctness 46.466
05-14 15:36 Saving best model in ./CNN_hyperparams_final/CNN_hyperparams_final_best.ckpt
05-14 15:36 Epoch: 5 - Training: 0.514 - Validation 0.685 - Best 0.685 - Error Rate 0.340 - Correctness 57.523
05-14 15:36 ('dropout_keep:', 0.8, 'l2 coef:', 1e-06, 'lr:', 0.001, 'Best val loss', 0.68487942)
05-14 15:36 Finished with iterations.
05-14 15:36 Writing to csv
05-14 15:36 Finished
